====================2019-03-05 15:50:08.479178=====================
2019-03-05 15:50:18.208413
_fill_list
None



====================2019-03-05 15:50:57.449409=====================
2019-03-05 15:51:00.953037
_open_database
file is not a database


2019-03-05 15:51:06.249327
_fill_list
None

2019-03-05 15:51:09.241811
_change_element
<ButtonPress event num=1 x=127 y=43>


field names: ['id', 'Name', 'Category_id', 'Department_id', 'Build_number', 'Shelf_number']
[{'id': 10, 'Name': ' value dsgd', 'Category_id': 12312315, 'Department_id': 234234, 'Build_number': 323123, 'Shelf_number': 2342342}]
2019-03-05 15:51:15.685247
_fill_list
None

2019-03-05 15:51:17.437617
_add_item
None


2019-03-05 15:51:20.793982
_fill_list
None

2019-03-05 15:51:22.428488
_fill_list
None

2019-03-05 15:51:23.138118
_save_category
<ButtonPress event num=1 x=69 y=40>
2019-03-05 15:51:23.776953
_fill_list
None

2019-03-05 15:51:25.187302
_save_category
<ButtonPress event num=1 x=47 y=26>
2019-03-05 15:51:25.633582
_fill_list
None

2019-03-05 15:51:26.698209
_save_category
<ButtonPress event num=1 x=49 y=50>
2019-03-05 15:51:27.235812
_fill_list
None

2019-03-05 15:51:28.159625
_save_category
<ButtonPress event num=1 x=54 y=81>
2019-03-05 15:51:29.142649
_fill_list
None

2019-03-05 15:51:34.680500
_category_handler
None


2019-03-05 15:51:40.006256
<class 'math_projects.diana_vitv.bin.dialogs.DialogEnterCategory'>
_add
None

2019-03-05 15:51:42.521056
_fill_list
None

2019-03-05 15:51:47.461842
_add_item
None


2019-03-05 15:51:58.700867
_fill_list
None

2019-03-05 15:51:59.532610
_category_handler
None


2019-03-05 15:52:14.342247
<class 'math_projects.diana_vitv.bin.dialogs.DialogEnterCategory'>
_add
None

2019-03-05 15:52:16.661173
_fill_list
None

2019-03-05 15:52:20.743391
_add_item
None


2019-03-05 15:54:25.468556
_fill_list
None

2019-03-05 15:54:44.767218
_save_category
<ButtonPress event num=1 x=41 y=7>
2019-03-05 15:54:45.335393
_fill_list
None

2019-03-05 15:54:46.704358
_save_category
<ButtonPress event num=1 x=55 y=41>
2019-03-05 15:54:47.364162
_fill_list
None

2019-03-05 15:54:48.276933
_save_category
<ButtonPress event num=1 x=49 y=60>
2019-03-05 15:54:48.825079
_fill_list
None

2019-03-05 15:54:49.687774
_save_category
<ButtonPress event num=1 x=67 y=73>
2019-03-05 15:54:50.163690
_fill_list
None

2019-03-05 15:54:51.634712
_save_category
<ButtonPress event num=1 x=60 y=65>
2019-03-05 15:54:52.639890
_fill_list
None

2019-03-05 15:54:54.272178
_save_category
<ButtonPress event num=1 x=44 y=72>
2019-03-05 15:54:54.921934
_fill_list
None

2019-03-05 15:55:00.784790
_change_element
<ButtonPress event num=1 x=164 y=109>


field names: ['id', 'Name', 'Category_id', 'Department_id', 'Build_number', 'Shelf_number']


====================2019-03-05 15:58:13.473781=====================
2019-03-05 15:58:17.829761
_fill_list
None



====================2019-03-05 15:58:55.333489=====================
2019-03-05 15:58:57.366524
_fill_list
None

2019-03-05 15:58:58.735870
_change_element
<ButtonPress event num=1 x=156 y=103>


field names: ['id', 'Name', 'Category_id', 'Department_id', 'Build_number', 'Shelf_number']
[{'id': 26, 'Name': 'CS GO ', 'Category_id': 12312320, 'Department_id': 2342353345, 'Build_number': 3453334534, 'Shelf_number': 4534543534}]
2019-03-05 15:59:13.857283
_fill_list
None



====================2019-03-05 16:11:31.995152=====================
2019-03-05 16:11:36.915614
_fill_list
None

2019-03-05 16:11:55.410678
_settings


2019-03-05 16:12:05.109201
<class 'math_projects.diana_vitv.bin.dialogs.DialogSettings'>
_cancel
None


2019-03-05 16:12:08.121860
_settings


2019-03-05 16:12:10.149951
<class 'math_projects.diana_vitv.bin.dialogs.DialogSettings'>
_change_template
None


2019-03-05 16:12:14.269282
<class 'math_projects.diana_vitv.bin.dialogs.DialogSettings'>
_commit
None


2019-03-05 16:12:32.585529
_add_item
None


2019-03-05 16:12:34.456556
_fill_list
None

2019-03-05 16:12:35.689688
_change_element
<ButtonPress event state=0x2000 num=1 x=164 y=108>


field names: ['id', 'Name', 'Category_id', 'Department_id', 'Build_number', 'Shelf_number']
[{'id': 27, 'Name': 'Metro Exodus', 'Category_id': 12312320, 'Department_id': 2342353323, 'Build_number': 3453334534, 'Shelf_number': 4534543534}]
2019-03-05 16:12:48.321438
_fill_list
None



====================2019-03-05 20:23:12.955495=====================
2019-03-05 20:23:16.355188
_fill_list
None

2019-03-05 20:23:22.192373
_add_item
None


2019-03-05 20:23:31.006512
<class 'math_projects.diana_vitv.bin.dialogs.DialogEnterItem'>
_update_text
<ButtonPress event num=1 x=56 y=39>


2019-03-05 20:23:36.316592
<class 'math_projects.diana_vitv.bin.dialogs.DialogEnterItem'>
_update_text
<ButtonPress event num=1 x=63 y=58>


2019-03-05 20:23:38.682956
<class 'math_projects.diana_vitv.bin.dialogs.DialogEnterItem'>
_add_handler
None


2019-03-05 20:23:40.976485
<class 'math_projects.diana_vitv.bin.dialogs.DialogEnterItem'>
_exit
None


2019-03-05 20:23:41.000727
_fill_list
None

2019-03-05 20:24:02.790808
_settings


2019-03-05 20:24:08.213086
_create_report
None


2019-03-05 20:24:12.263553
_change_element
<ButtonPress event num=1 x=154 y=95>


field names: ['id', 'Name', 'Category_id', 'Department_id', 'Build_number', 'Shelf_number']
[{'id': 20, 'Name': 'new item3', 'Category_id': 12312316, 'Department_id': 24234234, 'Build_number': 23424234, 'Shelf_number': 234235252}]
2019-03-05 20:24:17.188431
<class 'math_projects.diana_vitv.bin.dialogs.DialogChangeItem'>
_release_handler
None


2019-03-05 20:24:31.650842
_fill_list
None

2019-03-05 20:24:37.642263
_category_handler
None


2019-03-05 20:24:44.202027
<class 'math_projects.diana_vitv.bin.dialogs.DialogEnterCategory'>
_del
None

2019-03-05 20:24:48.338100
_fill_list
None



====================2019-03-06 22:53:53.553653=====================
2019-03-06 22:53:58.049247
_fill_list
None



====================2019-03-06 22:54:25.542404=====================
====================2019-03-06 22:55:16.875997=====================


====================2019-03-06 22:56:15.975086=====================


====================2019-03-06 22:57:13.337728=====================


====================2019-03-06 22:59:04.505208=====================


====================2019-03-06 23:02:08.653355=====================
====================2019-03-06 23:02:53.956672=====================


====================2019-03-06 23:03:08.757764=====================


====================2019-03-16 19:36:13.059549=====================
2019-03-16 19:36:17.296172
_fill_tree
None
2019-03-16 19:36:29.452923
_save_category
<ButtonPress event state=0x4000 num=1 x=32 y=24>
2019-03-16 19:36:31.319487
_change_element
<ButtonPress event state=0x4000 num=1 x=172 y=117>


2019-03-16 19:36:33.774508
_change_element
<ButtonPress event state=0x4000 num=1 x=168 y=67>




====================2019-03-16 19:37:37.487089=====================
2019-03-16 19:37:41.205731
_fill_tree
None


====================2019-03-16 19:38:37.583042=====================
2019-03-16 19:38:39.791995
_fill_tree
None


====================2019-03-16 19:40:21.889997=====================
2019-03-16 19:40:23.817511
_fill_tree
None
====================2019-03-16 19:41:06.546412=====================
2019-03-16 19:41:09.155391
_fill_tree
None
2019-03-16 19:41:15.268127
_save_category
<ButtonPress event num=1 x=65 y=34>
2019-03-16 19:41:18.472473
_save_category
<ButtonPress event num=1 x=15 y=11>
2019-03-16 19:41:19.091310
_fill_tree
None
2019-03-16 19:41:22.195770
_save_category
<ButtonPress event num=1 x=16 y=77>
2019-03-16 19:41:22.783348
_fill_tree
None
2019-03-16 19:41:24.821970
_add_item
None


2019-03-16 19:41:26.778173
_fill_tree
None
2019-03-16 19:41:28.139207
_create_report
None




====================2019-03-23 11:49:29.130160=====================
2019-03-23 11:49:43.036635
_fill_tree
None


====================2019-03-27 22:45:55.214946=====================


====================2019-04-08 16:41:43.406122=====================
2019-04-08 16:41:47.252418
_fill_tree
None
2019-04-08 16:41:53.934739
_change_element
<ButtonPress event num=1 x=340 y=52>


2019-04-08 16:41:55.233545
_change_element
<ButtonPress event num=1 x=333 y=180>


2019-04-08 16:41:56.785928
_change_element
<ButtonPress event num=1 x=343 y=97>


2019-04-08 16:41:57.729965
_add_item
None


2019-04-08 16:42:01.070017
<class 'math_projects.alina_merz.bin.dialogs.DialogEnterItem'>
_exit
None


2019-04-08 16:42:01.093711
_fill_tree
None
2019-04-08 16:42:04.761439
_change_element
<ButtonPress event num=1 x=159 y=107>


2019-04-08 16:42:14.026637
_category_handler
None


2019-04-08 16:42:15.535586
_fill_tree
None
2019-04-08 16:42:22.376893
_save_category
<ButtonPress event num=1 x=71 y=46>
2019-04-08 16:42:23.035767
_fill_tree
None
2019-04-08 16:42:25.329101
_save_category
<ButtonPress event num=1 x=28 y=20>
2019-04-08 16:42:26.496838
_fill_tree
None


====================2019-04-08 17:06:16.759705=====================
2019-04-08 17:06:18.388472
_fill_tree
None


====================2019-04-08 18:21:28.588167=====================
2019-04-08 18:21:32.183531
_fill_tree
None


====================2019-04-08 18:36:48.099536=====================


====================2019-04-08 20:33:27.829545=====================
2019-04-08 20:33:30.829064
_fill_tree
None
2019-04-08 20:33:33.192194
_fill_tree
None
2019-04-08 20:33:34.145351
_save_category
<ButtonPress event num=1 x=85 y=52>
2019-04-08 20:33:34.774836
_fill_tree
None
2019-04-08 20:33:36.772876
_save_category
<ButtonPress event num=1 x=20 y=26>
2019-04-08 20:33:37.260243
_fill_tree
None
2019-04-08 20:33:40.161196
_save_category
<ButtonPress event num=1 x=25 y=76>
2019-04-08 20:33:40.648285
_fill_tree
None
2019-04-08 20:33:42.900022
_add_item
None


2019-04-08 20:33:45.877332
_fill_tree
None
2019-04-08 20:33:46.796075
_category_handler
None


2019-04-08 20:33:48.293097
_fill_tree
None
2019-04-08 20:33:51.674225
_create_report
None


2019-04-08 20:33:54.820084
_settings




====================2019-04-08 21:23:17.424024=====================
