2019-04-14 19:52:06,023 

Starting parse...


2019-04-14 19:52:06,024 

------------------------Category: Вибори президента----------------------------
2019-04-14 19:52:06,026 pattern = re.compile('президент|Зеленськ|Порошенк|вибори|Вибори')
2019-04-14 19:52:06,027 site: https://gordonua.com/news/kiev.html
2019-04-14 19:52:09,841 site: https://censor.net.ua/ua/news/all
2019-04-14 19:52:09,930 site: https://www.pravda.com.ua/news/
2019-04-14 19:52:13,770 

------------------------Category: Спорт----------------------------
2019-04-14 19:52:13,774 pattern = re.compile('спорт|змагання|олімпіад')
2019-04-14 19:52:13,774 site: https://www.ukr.net/ua/news/sport.html
2019-04-14 19:52:14,964 site: https://www.obozrevatel.com/ukr/sport/
2019-04-14 19:52:16,103 successful
====================================================================================


2019-04-14 19:55:28,076 

Starting parse...


2019-04-14 19:55:28,077 

------------------------Category: Вибори президента----------------------------
2019-04-14 19:55:28,080 pattern = re.compile('президент|Зеленськ|Порошенк|вибори|Вибори')
2019-04-14 19:55:28,081 site: https://gordonua.com/news/kiev.html
2019-04-14 19:55:31,976 site: https://censor.net.ua/ua/news/all
2019-04-14 19:55:32,154 site: https://www.pravda.com.ua/news/
2019-04-14 19:55:35,754 

------------------------Category: Спорт----------------------------
2019-04-14 19:55:35,757 pattern = re.compile('спорт|змагання|олімпіад')
2019-04-14 19:55:35,757 site: https://www.ukr.net/ua/news/sport.html
2019-04-14 19:55:37,077 site: https://www.obozrevatel.com/ukr/sport/
2019-04-14 19:55:38,377 

------------------------Category: Наука----------------------------
2019-04-14 19:55:38,381 pattern = re.compile('ученые|коты')
2019-04-14 19:55:38,382 site: https://www.gazeta.ru/science/
2019-04-14 19:55:39,013 site: https://korrespondent.net/tech/science/
2019-04-14 19:55:40,033 successful
====================================================================================


