2019-04-12 14:46:39,856 

Starting parse...


2019-04-12 14:46:39,857 

------------------------Category: Вибори президента----------------------------
2019-04-12 14:46:39,860 pattern = re.compile('президент|Зеленськ|Порошенк')
2019-04-12 14:46:39,860 site: https://gordonua.com/news/kiev.html
2019-04-12 14:46:40,020 site: https://censor.net.ua/ua/news/all
2019-04-12 14:46:40,051 site: https://www.pravda.com.ua/news/
2019-04-12 14:46:40,220 

------------------------Category: Спорт----------------------------
2019-04-12 14:46:40,223 pattern = re.compile('спорт|змагання|олімпіад')
2019-04-12 14:46:40,223 site: https://www.ukr.net/ua/news/sport.html
2019-04-12 14:46:41,609 site: https://www.obozrevatel.com/ukr/sport/
2019-04-12 14:46:41,732 

------------------------Category: Наука----------------------------
2019-04-12 14:46:41,735 pattern = re.compile('наука|дослідження|science|астрономія|обсерваторія|вчені')
2019-04-12 14:46:41,735 site: https://www.unian.ua/science
2019-04-12 14:46:41,945 site: https://scienceukraine.com/laniakea/
2019-04-12 14:46:41,994 successful
====================================================================================


2019-04-12 14:46:44,478 

Starting parse...


2019-04-12 14:46:44,479 

------------------------Category: Вибори президента----------------------------
2019-04-12 14:46:44,481 pattern = re.compile('президент|Зеленськ|Порошенк')
2019-04-12 14:46:44,482 site: https://gordonua.com/news/kiev.html
2019-04-12 14:46:44,631 site: https://censor.net.ua/ua/news/all
2019-04-12 14:46:44,664 site: https://www.pravda.com.ua/news/
2019-04-12 14:46:44,877 

------------------------Category: Спорт----------------------------
2019-04-12 14:46:44,880 pattern = re.compile('спорт|змагання|олімпіад')
2019-04-12 14:46:44,880 site: https://www.ukr.net/ua/news/sport.html
2019-04-12 14:46:45,692 site: https://www.obozrevatel.com/ukr/sport/
2019-04-12 14:46:45,828 

------------------------Category: Наука----------------------------
2019-04-12 14:46:45,831 pattern = re.compile('наука|дослідження|science|астрономія|обсерваторія|вчені')
2019-04-12 14:46:45,831 site: https://www.unian.ua/science
2019-04-12 14:46:46,007 site: https://scienceukraine.com/laniakea/
2019-04-12 14:46:46,041 successful
====================================================================================


2019-04-12 14:49:58,698 

Starting parse...


2019-04-12 14:49:58,699 

------------------------Category: Вибори президента----------------------------
2019-04-12 14:49:58,702 pattern = re.compile('президент|Зеленськ|Порошенк')
2019-04-12 14:49:58,703 site: https://gordonua.com/news/kiev.html
2019-04-12 14:49:59,088 added https://gordonua.com/vybory_2019/petro-poroshenko.html because of Порошенко
2019-04-12 14:49:59,269 added https://gordonua.com/tags/vybory-prezidenta-ukrainy-2019.html because of выборы президента Украины 2019
2019-04-12 14:49:59,424 added https://gordonua.com/news/politics/poroshenko-podpisal-ukazy-ob-uvolnenii-gordeeva-i-naznachenii-butriya-vrio-glavy-hersonskoy-oga-881798.html because of Порошенко подписал указ об увольнении Гордеева и назначении Бутрия врио главы Херсонской ОГА
2019-04-12 14:49:59,613 added https://gordonua.com/news/politics/v-2024-godu-ya-budu-ballotirovatsya-v-evroparlament-poroshenko-otvetil-na-vopros-chto-on-budet-delat-v-sluchae-pobedy-zelenskogo-881373.html because of "В 2024 году я буду баллотироваться в Европарламент". Порошенко ответил на вопрос, что он будет делать в случае победы Зеленского
2019-04-12 14:49:59,791 added https://gordonua.com/publications/yurist-buchkovskiy-bilbordy-s-izobrazheniem-prezidenta-rf-narushayut-ne-tolko-zakon-o-reklame-no-i-zakon-o-vyborah-prezidenta-ukrainy-879150.html because of Юрист Бучковский: Билборды с изображением президента РФ нарушают не только закон о рекламе, но и закон о выборах президента Украины
2019-04-12 14:49:59,969 added https://gordonua.com/news/politics/administraciya-stadiona-olimpiyskiy-zayavila-chto-stoimost-provedeniya-debatov-zelenskogo-i-poroshenko-poka-podschitat-nevozmozhno-873826.html because of Администрация стадиона "Олимпийский" заявила, что стоимость проведения дебатов Зеленского и Порошенко пока подсчитать невозможно
2019-04-12 14:50:00,158 added https://gordonua.com/news/politics/timoshenko-o-perepalke-zelenskogo-i-poroshenko-na-11-ya-uvidela-razrushenie-statusa-prezidentskoy-dolzhnosti-i-unizhenie-ukrainskogo-gosudarstva-882017.html because of Тимошенко о перепалке Зеленского и Порошенко на "1+1": Я увидела разрушение статуса президентской должности и унижение Украинского государства
2019-04-12 14:50:00,336 added https://gordonua.com/news/worldnews/v-kremle-predlagayut-avakovu-prokommentirovat-vstrechu-poroshenko-i-zelenskogo-s-makronom-takzhe-kak-vstrechu-boyko-s-medvedvym-882015.html because of В Кремле предлагают Авакову прокомментировать встречу Порошенко и Зеленского с Макроном также, как встречу Бойко с Медведвым
2019-04-12 14:50:00,465 added https://gordonua.com/news/politics/brexit-otlozhili-zaderzhan-assanzh-v-ukraine-obnarodovali-reytingi-kandidatov-v-prezidenty-glavnoe-za-den-880349.html because of Brexit отложили, задержали Ассанжа, в Украине обнародовали рейтинги кандидатов в президенты. Главное за день
2019-04-12 14:50:00,647 added https://gordonua.com/news/politics/ukrainskiy-kabmin-rasshiril-sankcii-protiv-rf-poroshenko-snova-sdal-analizy-glavnoe-za-den-878008.html because of Украинский Кабмин расширил санкции против РФ, Порошенко снова сдал анализы. Главное за день
2019-04-12 14:50:00,647 site: https://censor.net.ua/ua/news/all
2019-04-12 14:50:00,692 site: https://www.pravda.com.ua/news/
2019-04-12 14:50:01,180 added https://www.pravda.com.ua/news/2019/04/12/7212032/ because of Тимошенко записала відеозвернення до Зеленського і Порошенка
2019-04-12 14:50:01,346 added https://www.pravda.com.ua/news/2019/04/12/7212018/ because of У Порошенка вимагають відкрити справу на творців "Слуги народу"
2019-04-12 14:50:01,513 added https://www.pravda.com.ua/news/2019/04/12/7212017/ because of Міноборони перевірить, чи "косив" Зеленський від армії
2019-04-12 14:50:01,677 added https://www.pravda.com.ua/news/2019/04/12/7212007/ because of Аваков допускає виклик Порошенка на допит у корупційних справах
2019-04-12 14:50:01,810 added https://www.pravda.com.ua/news/2019/04/12/7212004/ because of Коломойський визнав, що юрист Зеленського – його адвокат
2019-04-12 14:50:01,932 added https://www.pravda.com.ua/news/2019/04/12/7211991/ because of Гендиректор "1+1" Ткаченко заявив, що канал подасть в суд проти Порошенка
2019-04-12 14:50:02,054 added https://www.pravda.com.ua/news/2019/04/12/7211989/ because of Порошенко про звинувачення прокурора Кулика: Отримав наказ від Коломойського
2019-04-12 14:50:02,209 added https://www.pravda.com.ua/news/2019/04/12/7212042/ because of МВС - команді Порошенка: Серіал Зеленського чіпати не можемо
2019-04-12 14:50:02,366 added https://www.epravda.com.ua/news/2019/04/12/646964/ because of Зеленський переконує інвесторів, що впорається з МВФ – Reuters
2019-04-12 14:50:02,488 added https://www.pravda.com.ua/news/2019/04/12/7212020/ because of Порошенко звільнив губернатора зі справи Гандзюк
2019-04-12 14:50:02,631 added https://www.pravda.com.ua/news/2019/04/12/7212019/ because of Представник Зеленського сприяв допуску в Україну скандального актора зі "Сватів"
2019-04-12 14:50:02,787 added https://www.pravda.com.ua/news/2019/04/12/7212015/ because of Парубій про Зеленського: Це просто модернізована версія Януковича
2019-04-12 14:50:02,943 added https://www.pravda.com.ua/news/2019/04/12/7211995/ because of Кулик спростував звинувачення Порошенка у роботі на Коломойського
2019-04-12 14:50:03,087 added https://www.pravda.com.ua/news/2019/04/12/7211988/ because of У соцмережах з'явилось нове відео із Зеленським, фурою і наркотиками
2019-04-12 14:50:03,087 

------------------------Category: Спорт----------------------------
2019-04-12 14:50:03,091 pattern = re.compile('спорт|змагання|олімпіад')
2019-04-12 14:50:03,091 site: https://www.ukr.net/ua/news/sport.html
2019-04-12 14:50:04,731 site: https://www.obozrevatel.com/ukr/sport/
2019-04-12 14:50:05,055 added https://certify.alexametrics.com because of Спорт – Новини спорту – Футбол онлайн – Футбол сьогодні – Спортивні події Обозреватель
2019-04-12 14:50:05,199 added https://www.obozrevatel.com/bets/ because of Ставки на спорт
2019-04-12 14:50:05,353 added https://www.obozrevatel.com/ukr/sport/news-of-the-day.htm because of Всі новини спорту
2019-04-12 14:50:05,487 added https://www.obozrevatel.com/ukr/sport/box/dzhoshua-kinuv-viklik-usiku-sportivni-pidsumki-11-kvitnya.htm because of Джошуа кинув виклик Усику: підсумки спорту 11 квітня
2019-04-12 14:50:05,621 added https://www.obozrevatel.com/ukr/sport/dressing-room/populyarna-sportivna-televeducha-z-rosii-viklala-foto-toples.htm because of Популярна спортивна телеведуча виклала фото топлес
2019-04-12 14:50:05,764 added https://www.obozrevatel.com/ukr/sport/sport/ because of Інші види спорту
2019-04-12 14:50:05,764 

------------------------Category: Наука----------------------------
2019-04-12 14:50:05,766 pattern = re.compile('наука|дослідження|science|астрономія|обсерваторія|вчені')
2019-04-12 14:50:05,767 site: https://www.unian.ua/science
2019-04-12 14:50:06,131 added https://www.unian.ua/science/10511517-u-velikobritaniji-vcheni-viyavili-skam-yanili-ostanki-ktulhu.html because of У Великобританії вчені виявили скам'янілі останки "Ктулху"
2019-04-12 14:50:06,131 site: https://scienceukraine.com/laniakea/
2019-04-12 14:50:06,352 successful
====================================================================================


2019-04-13 14:14:20,228 

Starting parse...


2019-04-13 14:14:20,236 

------------------------Category: Вибори президента----------------------------
2019-04-13 14:14:20,238 pattern = re.compile('президент|Зеленськ|Порошенк')
2019-04-13 14:14:20,238 site: https://gordonua.com/news/kiev.html
2019-04-13 14:14:20,930 added https://gordonua.com/vybory_2019/petro-poroshenko.html because of Порошенко
2019-04-13 14:14:21,075 added https://gordonua.com/tags/vybory-prezidenta-ukrainy-2019.html because of выборы президента Украины 2019
2019-04-13 14:14:21,219 added https://gordonua.com/news/politics/poroshenko-14-aprelya-priedet-na-nsk-olimpiyskiy-dlya-uchastiya-v-debatah-administraciya-prezidenta-884333.html because of Порошенко 14 апреля приедет на НСК "Олимпийский" для участия в дебатах – Администрация Президента
2019-04-13 14:14:21,374 added https://gordonua.com/news/politics/administraciya-olimpiyskogo-soglasovala-so-shtabami-poroshenko-i-zelenskogo-format-provedeniya-debatov-na-19-aprelya-zayavki-podali-oba-kandidata-883315.html because of Администрация "Олимпийского" согласовала со штабами Порошенко и Зеленского формат проведения дебатов. На 19 апреля заявки подали оба кандидата
2019-04-13 14:14:21,530 added https://gordonua.com/news/politics/makron-vstretilsya-s-poroshenko-i-zelenskim-sud-v-moskve-zaochno-arestoval-gricenko-glavnoe-za-den-883006.html because of Макрон встретился с Порошенко и Зеленским, суд в Москве заочно арестовал Гриценко. Главное за день
2019-04-13 14:14:21,674 added https://gordonua.com/news/politics/zelenskiy-poroshenko-stolko-raz-skazal-chto-ya-marionetka-i-narkoman-chto-u-menya-net-k-nemu-uvazheniya-883108.html because of Зеленский: Порошенко столько раз сказал, что я марионетка и наркоман, что у меня нет к нему уважения
2019-04-13 14:14:21,818 added https://gordonua.com/publications/yurist-buchkovskiy-bilbordy-s-izobrazheniem-prezidenta-rf-narushayut-ne-tolko-zakon-o-reklame-no-i-zakon-o-vyborah-prezidenta-ukrainy-879150.html because of Юрист Бучковский: Билборды с изображением президента РФ нарушают не только закон о рекламе, но и закон о выборах президента Украины
2019-04-13 14:14:21,986 added https://gordonua.com/news/politics/administraciya-stadiona-olimpiyskiy-zayavila-chto-stoimost-provedeniya-debatov-zelenskogo-i-poroshenko-poka-podschitat-nevozmozhno-873826.html because of Администрация стадиона "Олимпийский" заявила, что стоимость проведения дебатов Зеленского и Порошенко пока подсчитать невозможно
2019-04-13 14:14:22,130 added https://gordonua.com/news/politics/brexit-otlozhili-zaderzhan-assanzh-v-ukraine-obnarodovali-reytingi-kandidatov-v-prezidenty-glavnoe-za-den-880349.html because of Brexit отложили, задержали Ассанжа, в Украине обнародовали рейтинги кандидатов в президенты. Главное за день
2019-04-13 14:14:22,131 site: https://censor.net.ua/ua/news/all
2019-04-13 14:14:22,265 site: https://www.pravda.com.ua/news/
2019-04-13 14:14:22,919 added https://www.pravda.com.ua/news/2019/04/13/7212121/ because of Дебати: У Порошенка офіційно анонсували його візит на "Олімпійський"
2019-04-13 14:14:23,064 added https://www.pravda.com.ua/news/2019/04/13/7212111/ because of Кіборг із ДАПу оголосив голодування з вимогами до Зеленського
2019-04-13 14:14:23,208 added https://www.pravda.com.ua/news/2019/04/13/7212112/ because of Моніторинг ІМІ: 77,7% негативних публікацій критикують Порошенка, 22,3% – Зеленського
2019-04-13 14:14:23,351 added https://www.pravda.com.ua/news/2019/04/13/7212109/ because of Порошенко нагадав, що зупиняти євроінтеграційний рух України неконституційно
2019-04-13 14:14:23,352 

------------------------Category: Спорт----------------------------
2019-04-13 14:14:23,355 pattern = re.compile('спорт|змагання|олімпіад')
2019-04-13 14:14:23,355 site: https://www.ukr.net/ua/news/sport.html
2019-04-13 14:14:24,022 site: https://www.obozrevatel.com/ukr/sport/
2019-04-13 14:14:28,840 added https://certify.alexametrics.com because of Спорт – Новини спорту – Футбол онлайн – Футбол сьогодні – Спортивні події Обозреватель
2019-04-13 14:14:28,975 added https://www.obozrevatel.com/bets/ because of Ставки на спорт
2019-04-13 14:14:29,133 added https://www.obozrevatel.com/ukr/sport/news-of-the-day.htm because of Всі новини спорту
2019-04-13 14:14:29,284 added https://www.obozrevatel.com/ukr/sport/dressing-room/populyarna-sportivna-televeducha-z-rosii-viklala-foto-toples.htm because of Популярна спортивна телеведуча виклала фото топлес
2019-04-13 14:14:29,456 added https://www.obozrevatel.com/ukr/sport/sport/ because of Інші види спорту
2019-04-13 14:14:29,456 

------------------------Category: Наука----------------------------
2019-04-13 14:14:29,460 pattern = re.compile('наука|дослідження|science|астрономія|обсерваторія|вчені')
2019-04-13 14:14:29,460 site: https://www.unian.ua/science
2019-04-13 14:14:30,329 added https://www.unian.ua/science/10511517-u-velikobritaniji-vcheni-viyavili-skam-yanili-ostanki-ktulhu.html because of У Великобританії вчені виявили скам'янілі останки "Ктулху"
2019-04-13 14:14:30,329 site: https://scienceukraine.com/laniakea/
2019-04-13 14:14:30,840 successful
====================================================================================


