2019-03-01 15:02:06.736898
field names: ['id', 'Name', 'Category_id', 'Department_id', 'Build_number', 'Shelf_number']
<built-in method now of type object at 0x9f9ce0>: add_item() got an unexpected keyword argument 'Name'


2019-03-01 15:03:06.258005
field names: ['id', 'Name', 'Category_id', 'Department_id', 'Build_number', 'Shelf_number']
field names: ['id', 'Name', 'Category_id', 'Department_id', 'Build_number', 'Shelf_number']


2019-03-01 15:08:30.085128


2019-03-01 15:11:39.614680
field names: ['id', 'Name', 'Category_id', 'Department_id', 'Build_number', 'Shelf_number']


2019-03-01 15:13:09.242600


2019-03-01 15:35:47.663338
field names: ['id', 'Name', 'Category_id', 'Department_id', 'Build_number', 'Shelf_number']


2019-03-01 15:37:31.266307


====================2019-03-01 21:32:44.729956=====================
field names: ['id', 'Name', 'Category_id', 'Department_id', 'Build_number', 'Shelf_number']


====================2019-03-01 21:41:49.253007=====================
ev = None
ev = None


====================2019-03-01 21:46:41.140292=====================


====================2019-03-01 21:47:58.460945=====================
command: Electronic


====================2019-03-01 21:48:16.235943=====================
command: Electronic
command: Electronic
command: Electronic


====================2019-03-01 21:51:39.506110=====================
command: Electronic
command: Electronic
command: Electronic


====================2019-03-01 21:52:59.822318=====================
command: Electronic


====================2019-03-01 22:03:49.969578=====================
====================2019-03-01 22:04:09.323771=====================
